[0621/102405:ERROR:process_info.cc(608)] range at 0x3c8139ce00000000, size 0x1aa fully unreadable
[0621/102405:ERROR:process_info.cc(608)] range at 0x3c813a3000000000, size 0x1aa fully unreadable
[0621/102405:ERROR:process_info.cc(608)] range at 0x0, size 0x1aa fully unreadable
[0621/102405:WARNING:in_range_cast.h(38)] value 1830671312662 out of range
[0621/102405:WARNING:in_range_cast.h(38)] value 1830671310426 out of range
[0621/102406:WARNING:in_range_cast.h(38)] value 1830671312436 out of range
[0621/102406:WARNING:in_range_cast.h(38)] value 1830671651792 out of range
[0704/135320:ERROR:process_info.cc(608)] range at 0x901e3af600000000, size 0x22b fully unreadable
[0704/135321:ERROR:process_info.cc(608)] range at 0x901e3b5800000000, size 0x22b fully unreadable
[0704/135321:ERROR:process_info.cc(608)] range at 0x0, size 0x22b fully unreadable
[0704/135321:ERROR:process_reader_win.cc(232)] ReadMemory at 0x7ff95a3dcd88 of 36 bytes failed: Only part of a ReadProcessMemory or WriteProcessMemory request was completed. (0x12B)
[0704/135321:WARNING:pe_image_reader.cc(154)] could not read debug directory from C:\WINDOWS\system32\shlwapi.dll
[0704/135321:ERROR:process_reader_win.cc(232)] ReadMemory at 0x7ff9594b0000 of 64 bytes failed: Only part of a ReadProcessMemory or WriteProcessMemory request was completed. (0x12B)
[0704/135321:WARNING:pe_image_reader.cc(280)] could not read dos header from C:\WINDOWS\system32\kernel.appcore.dll
[0704/135321:ERROR:process_reader_win.cc(232)] ReadMemory at 0x7ff959f80000 of 64 bytes failed: Only part of a ReadProcessMemory or WriteProcessMemory request was completed. (0x12B)
[0704/135321:WARNING:pe_image_reader.cc(280)] could not read dos header from C:\WINDOWS\system32\shcore.dll
[0704/135321:ERROR:process_reader_win.cc(232)] ReadMemory at 0x7ff959450000 of 64 bytes failed: Only part of a ReadProcessMemory or WriteProcessMemory request was completed. (0x12B)
[0704/135321:WARNING:pe_image_reader.cc(280)] could not read dos header from C:\WINDOWS\system32\powrprof.dll
[0704/135321:ERROR:process_reader_win.cc(232)] ReadMemory at 0x7ff959930000 of 64 bytes failed: Only part of a ReadProcessMemory or WriteProcessMemory request was completed. (0x12B)
[0704/135321:WARNING:pe_image_reader.cc(280)] could not read dos header from C:\WINDOWS\system32\windows.storage.dll
[0704/135321:ERROR:process_reader_win.cc(232)] ReadMemory at 0x7ff95b3b0000 of 64 bytes failed: Only part of a ReadProcessMemory or WriteProcessMemory request was completed. (0x12B)
[0704/135321:WARNING:pe_image_reader.cc(280)] could not read dos header from C:\WINDOWS\system32\SHELL32.dll
[0704/135321:ERROR:process_reader_win.cc(232)] ReadMemory at 0x7ff95a390000 of 64 bytes failed: Only part of a ReadProcessMemory or WriteProcessMemory request was completed. (0x12B)
[0704/135321:WARNING:pe_image_reader.cc(280)] could not read dos header from C:\WINDOWS\system32\PSAPI.DLL
[0704/135321:ERROR:process_reader_win.cc(232)] ReadMemory at 0x7ff958e80000 of 64 bytes failed: Only part of a ReadProcessMemory or WriteProcessMemory request was completed. (0x12B)
[0704/135321:WARNING:pe_image_reader.cc(280)] could not read dos header from C:\WINDOWS\SYSTEM32\bcrypt.dll
[0704/135321:ERROR:process_reader_win.cc(232)] ReadMemory at 0x7ff94b1c0000 of 64 bytes failed: Only part of a ReadProcessMemory or WriteProcessMemory request was completed. (0x12B)
[0704/135321:WARNING:pe_image_reader.cc(280)] could not read dos header from C:\WINDOWS\SYSTEM32\WINSPOOL.DRV
[0704/135321:ERROR:process_reader_win.cc(232)] ReadMemory at 0x7ff944bc0000 of 64 bytes failed: Only part of a ReadProcessMemory or WriteProcessMemory request was completed. (0x12B)
[0704/135321:WARNING:pe_image_reader.cc(280)] could not read dos header from C:\WINDOWS\WinSxS\amd64_microsoft.windows.common-controls_6595b64144ccf1df_6.0.10586.0_none_8c15ae12515e1c22\COMCTL32.dll
[0704/135321:ERROR:process_reader_win.cc(232)] ReadMemory at 0x7ff9594c0000 of 64 bytes failed: Only part of a ReadProcessMemory or WriteProcessMemory request was completed. (0x12B)
[0704/135321:WARNING:pe_image_reader.cc(280)] could not read dos header from C:\WINDOWS\system32\FirewallAPI.dll
[0704/135321:ERROR:process_reader_win.cc(232)] ReadMemory at 0x7ff957e60000 of 64 bytes failed: Only part of a ReadProcessMemory or WriteProcessMemory request was completed. (0x12B)
[0704/135321:WARNING:pe_image_reader.cc(280)] could not read dos header from C:\WINDOWS\system32\fwbase.dll
[0704/135321:ERROR:process_reader_win.cc(232)] ReadMemory at 0x7ff959860000 of 64 bytes failed: Only part of a ReadProcessMemory or WriteProcessMemory request was completed. (0x12B)
[0704/135321:WARNING:pe_image_reader.cc(280)] could not read dos header from C:\WINDOWS\system32\NETAPI32.dll
[0704/135321:ERROR:process_reader_win.cc(232)] ReadMemory at 0x7ff9499e0000 of 64 bytes failed: Only part of a ReadProcessMemory or WriteProcessMemory request was completed. (0x12B)
[0704/135321:WARNING:pe_image_reader.cc(280)] could not read dos header from C:\WINDOWS\SYSTEM32\DAVHLPR.DLL
[0704/135321:ERROR:process_reader_win.cc(232)] ReadMemory at 0x7ff95cb80000 of 64 bytes failed: Only part of a ReadProcessMemory or WriteProcessMemory request was completed. (0x12B)
[0704/135321:WARNING:pe_image_reader.cc(280)] could not read dos header from C:\WINDOWS\system32\COMDLG32.dll
[0704/135321:ERROR:process_reader_win.cc(232)] ReadMemory at 0x7ff95af60000 of 64 bytes failed: Only part of a ReadProcessMemory or WriteProcessMemory request was completed. (0x12B)
[0704/135321:WARNING:pe_image_reader.cc(280)] could not read dos header from C:\WINDOWS\system32\ole32.dll
[0704/135321:ERROR:process_reader_win.cc(232)] ReadMemory at 0x7ff95a210000 of 64 bytes failed: Only part of a ReadProcessMemory or WriteProcessMemory request was completed. (0x12B)
[0704/135321:WARNING:pe_image_reader.cc(280)] could not read dos header from C:\WINDOWS\system32\OLEAUT32.dll
[0704/135321:ERROR:process_reader_win.cc(232)] ReadMemory at 0x7ff955f20000 of 64 bytes failed: Only part of a ReadProcessMemory or WriteProcessMemory request was completed. (0x12B)
[0704/135321:WARNING:pe_image_reader.cc(280)] could not read dos header from C:\WINDOWS\SYSTEM32\IPHLPAPI.DLL
[0704/135321:ERROR:process_reader_win.cc(232)] ReadMemory at 0x7ff95b0b0000 of 64 bytes failed: Only part of a ReadProcessMemory or WriteProcessMemory request was completed. (0x12B)
[0704/135321:WARNING:pe_image_reader.cc(280)] could not read dos header from C:\WINDOWS\system32\WS2_32.dll
[0704/135321:ERROR:process_reader_win.cc(232)] ReadMemory at 0x7ff9487c0000 of 64 bytes failed: Only part of a ReadProcessMemory or WriteProcessMemory request was completed. (0x12B)
[0704/135321:WARNING:pe_image_reader.cc(280)] could not read dos header from C:\WINDOWS\SYSTEM32\USP10.dll
[0704/135321:ERROR:process_reader_win.cc(232)] ReadMemory at 0x7ff9594a0000 of 64 bytes failed: Only part of a ReadProcessMemory or WriteProcessMemory request was completed. (0x12B)
[0704/135321:WARNING:pe_image_reader.cc(280)] could not read dos header from C:\WINDOWS\system32\MSASN1.dll
[0704/135321:ERROR:process_reader_win.cc(232)] ReadMemory at 0x7ff95a040000 of 64 bytes failed: Only part of a ReadProcessMemory or WriteProcessMemory request was completed. (0x12B)
[0704/135321:WARNING:pe_image_reader.cc(280)] could not read dos header from C:\WINDOWS\system32\CRYPT32.dll
[0704/135321:ERROR:process_reader_win.cc(232)] ReadMemory at 0x7ff959790000 of 64 bytes failed: Only part of a ReadProcessMemory or WriteProcessMemory request was completed. (0x12B)
[0704/135321:WARNING:pe_image_reader.cc(280)] could not read dos header from C:\WINDOWS\system32\WINTRUST.dll
[0704/135321:ERROR:process_reader_win.cc(232)] ReadMemory at 0x7ff954e30000 of 64 bytes failed: Only part of a ReadProcessMemory or WriteProcessMemory request was completed. (0x12B)
[0704/135321:WARNING:pe_image_reader.cc(280)] could not read dos header from C:\WINDOWS\SYSTEM32\Secur32.dll
[0704/135321:ERROR:process_reader_win.cc(232)] ReadMemory at 0x7ff958eb0000 of 64 bytes failed: Only part of a ReadProcessMemory or WriteProcessMemory request was completed. (0x12B)
[0704/135321:WARNING:pe_image_reader.cc(280)] could not read dos header from C:\WINDOWS\SYSTEM32\SSPICLI.DLL
[0704/135321:ERROR:process_reader_win.cc(232)] ReadMemory at 0x7ff922d20000 of 64 bytes failed: Only part of a ReadProcessMemory or WriteProcessMemory request was completed. (0x12B)
[0704/135321:WARNING:pe_image_reader.cc(280)] could not read dos header from C:\Program Files (x86)\Google\Chrome\Application\51.0.2704.103\chrome_child.dll
[0704/135321:ERROR:process_reader_win.cc(232)] ReadMemory at 0x7ff946a40000 of 64 bytes failed: Only part of a ReadProcessMemory or WriteProcessMemory request was completed. (0x12B)
[0704/135321:WARNING:pe_image_reader.cc(280)] could not read dos header from C:\WINDOWS\SYSTEM32\dwrite.dll
[0704/135321:ERROR:process_reader_win.cc(232)] ReadMemory at 0x7ff95cf55340 of 6656 bytes failed: Only part of a ReadProcessMemory or WriteProcessMemory request was completed. (0x12B)
[0704/135321:ERROR:process_reader_win.cc(232)] ReadMemory at 0x7ff740a10000 of 64 bytes failed: Only part of a ReadProcessMemory or WriteProcessMemory request was completed. (0x12B)
[0704/135321:WARNING:pe_image_reader.cc(280)] could not read dos header from C:\Program Files (x86)\Google\Chrome\Application\chrome.exe
[0704/135321:ERROR:process_reader_win.cc(232)] ReadMemory at 0x7ff95ce10000 of 64 bytes failed: Only part of a ReadProcessMemory or WriteProcessMemory request was completed. (0x12B)
[0704/135321:WARNING:pe_image_reader.cc(280)] could not read dos header from C:\WINDOWS\SYSTEM32\ntdll.dll
[0704/135321:ERROR:process_reader_win.cc(232)] ReadMemory at 0x7ff959550000 of 64 bytes failed: Only part of a ReadProcessMemory or WriteProcessMemory request was completed. (0x12B)
[0704/135321:WARNING:pe_image_reader.cc(280)] could not read dos header from C:\WINDOWS\system32\KERNELBASE.dll
[0704/135321:ERROR:process_reader_win.cc(232)] ReadMemory at 0x7ff95a2e0000 of 64 bytes failed: Only part of a ReadProcessMemory or WriteProcessMemory request was completed. (0x12B)
[0704/135321:WARNING:pe_image_reader.cc(280)] could not read dos header from C:\WINDOWS\system32\KERNEL32.DLL
[0704/135321:ERROR:process_reader_win.cc(232)] ReadMemory at 0x7ff95ac40000 of 64 bytes failed: Only part of a ReadProcessMemory or WriteProcessMemory request was completed. (0x12B)
[0704/135321:WARNING:pe_image_reader.cc(280)] could not read dos header from C:\WINDOWS\system32\msvcrt.dll
[0704/135321:ERROR:process_reader_win.cc(232)] ReadMemory at 0x7ff95ace0000 of 64 bytes failed: Only part of a ReadProcessMemory or WriteProcessMemory request was completed. (0x12B)
[0704/135321:WARNING:pe_image_reader.cc(280)] could not read dos header from C:\WINDOWS\system32\RPCRT4.dll
[0704/135321:ERROR:process_reader_win.cc(232)] ReadMemory at 0x7ff95cb20000 of 64 bytes failed: Only part of a ReadProcessMemory or WriteProcessMemory request was completed. (0x12B)
[0704/135321:WARNING:pe_image_reader.cc(280)] could not read dos header from C:\WINDOWS\system32\sechost.dll
[0704/135321:ERROR:process_reader_win.cc(232)] ReadMemory at 0x7ff95cd40000 of 64 bytes failed: Only part of a ReadProcessMemory or WriteProcessMemory request was completed. (0x12B)
[0704/135321:WARNING:pe_image_reader.cc(280)] could not read dos header from C:\WINDOWS\system32\ADVAPI32.dll
[0704/135321:ERROR:process_reader_win.cc(232)] ReadMemory at 0x7ff9597f0000 of 64 bytes failed: Only part of a ReadProcessMemory or WriteProcessMemory request was completed. (0x12B)
[0704/135321:WARNING:pe_image_reader.cc(280)] could not read dos header from C:\WINDOWS\system32\bcryptPrimitives.dll
[0704/135321:ERROR:process_reader_win.cc(232)] ReadMemory at 0x7ff958ca0000 of 64 bytes failed: Only part of a ReadProcessMemory or WriteProcessMemory request was completed. (0x12B)
[0704/135321:WARNING:pe_image_reader.cc(280)] could not read dos header from C:\WINDOWS\SYSTEM32\CRYPTBASE.DLL
[0704/135321:ERROR:process_reader_win.cc(232)] ReadMemory at 0x7ff9539c0000 of 64 bytes failed: Only part of a ReadProcessMemory or WriteProcessMemory request was completed. (0x12B)
[0704/135321:WARNING:pe_image_reader.cc(280)] could not read dos header from C:\Program Files (x86)\Google\Chrome\Application\51.0.2704.103\chrome_elf.dll
[0704/135321:ERROR:process_reader_win.cc(232)] ReadMemory at 0x7ff954e20000 of 64 bytes failed: Only part of a ReadProcessMemory or WriteProcessMemory request was completed. (0x12B)
[0704/135321:WARNING:pe_image_reader.cc(280)] could not read dos header from C:\WINDOWS\SYSTEM32\VERSION.dll
[0704/135321:ERROR:process_reader_win.cc(232)] ReadMemory at 0x7ff959740000 of 64 bytes failed: Only part of a ReadProcessMemory or WriteProcessMemory request was completed. (0x12B)
[0704/135321:WARNING:pe_image_reader.cc(280)] could not read dos header from C:\WINDOWS\system32\cfgmgr32.dll
[0704/135321:ERROR:process_reader_win.cc(232)] ReadMemory at 0x7ff957390000 of 64 bytes failed: Only part of a ReadProcessMemory or WriteProcessMemory request was completed. (0x12B)
[0704/135321:WARNING:pe_image_reader.cc(280)] could not read dos header from C:\WINDOWS\SYSTEM32\WINMMBASE.dll
[0704/135321:ERROR:process_reader_win.cc(232)] ReadMemory at 0x7ff95a440000 of 64 bytes failed: Only part of a ReadProcessMemory or WriteProcessMemory request was completed. (0x12B)
[0704/135321:WARNING:pe_image_reader.cc(280)] could not read dos header from C:\WINDOWS\system32\GDI32.dll
[0704/135321:ERROR:process_reader_win.cc(232)] ReadMemory at 0x7ff95aa10000 of 64 bytes failed: Only part of a ReadProcessMemory or WriteProcessMemory request was completed. (0x12B)
[0704/135321:WARNING:pe_image_reader.cc(280)] could not read dos header from C:\WINDOWS\system32\USER32.dll
[0704/135321:ERROR:process_reader_win.cc(232)] ReadMemory at 0x7ff95a400000 of 64 bytes failed: Only part of a ReadProcessMemory or WriteProcessMemory request was completed. (0x12B)
[0704/135321:WARNING:pe_image_reader.cc(280)] could not read dos header from C:\WINDOWS\system32\IMM32.DLL
[0704/135321:ERROR:process_reader_win.cc(232)] ReadMemory at 0x7ff9573f0000 of 64 bytes failed: Only part of a ReadProcessMemory or WriteProcessMemory request was completed. (0x12B)
[0704/135321:WARNING:pe_image_reader.cc(280)] could not read dos header from C:\WINDOWS\SYSTEM32\WINMM.dll
[0704/135321:ERROR:process_reader_win.cc(232)] ReadMemory at 0x7ff959430000 of 64 bytes failed: Only part of a ReadProcessMemory or WriteProcessMemory request was completed. (0x12B)
[0704/135321:WARNING:pe_image_reader.cc(280)] could not read dos header from C:\WINDOWS\system32\profapi.dll
[0704/135321:ERROR:process_reader_win.cc(232)] ReadMemory at 0x7ff958960000 of 64 bytes failed: Only part of a ReadProcessMemory or WriteProcessMemory request was completed. (0x12B)
[0704/135321:WARNING:pe_image_reader.cc(280)] could not read dos header from C:\WINDOWS\SYSTEM32\USERENV.dll
[0704/135321:ERROR:process_reader_win.cc(232)] ReadMemory at 0x7ff957290000 of 64 bytes failed: Only part of a ReadProcessMemory or WriteProcessMemory request was completed. (0x12B)
[0704/135321:WARNING:pe_image_reader.cc(280)] could not read dos header from C:\WINDOWS\SYSTEM32\WTSAPI32.dll
[0704/135321:ERROR:process_reader_win.cc(232)] ReadMemory at 0x7ff94fd00000 of 64 bytes failed: Only part of a ReadProcessMemory or WriteProcessMemory request was completed. (0x12B)
[0704/135321:WARNING:pe_image_reader.cc(280)] could not read dos header from C:\WINDOWS\SYSTEM32\WINHTTP.dll
[0704/135321:ERROR:process_reader_win.cc(232)] ReadMemory at 0x7ff95b130000 of 64 bytes failed: Only part of a ReadProcessMemory or WriteProcessMemory request was completed. (0x12B)
[0704/135321:WARNING:pe_image_reader.cc(280)] could not read dos header from C:\WINDOWS\system32\combase.dll
[0704/135321:ERROR:process_reader_win.cc(232)] ReadMemory at 0x7ff95a3a0000 of 64 bytes failed: Only part of a ReadProcessMemory or WriteProcessMemory request was completed. (0x12B)
[0704/135321:WARNING:pe_image_reader.cc(280)] could not read dos header from C:\WINDOWS\system32\shlwapi.dll
[0704/135321:ERROR:process_reader_win.cc(232)] ReadMemory at 0x7ff9594b0000 of 64 bytes failed: Only part of a ReadProcessMemory or WriteProcessMemory request was completed. (0x12B)
[0704/135321:WARNING:pe_image_reader.cc(280)] could not read dos header from C:\WINDOWS\system32\kernel.appcore.dll
[0704/135321:ERROR:process_reader_win.cc(232)] ReadMemory at 0x7ff959f80000 of 64 bytes failed: Only part of a ReadProcessMemory or WriteProcessMemory request was completed. (0x12B)
[0704/135321:WARNING:pe_image_reader.cc(280)] could not read dos header from C:\WINDOWS\system32\shcore.dll
[0704/135321:ERROR:process_reader_win.cc(232)] ReadMemory at 0x7ff959450000 of 64 bytes failed: Only part of a ReadProcessMemory or WriteProcessMemory request was completed. (0x12B)
[0704/135321:WARNING:pe_image_reader.cc(280)] could not read dos header from C:\WINDOWS\system32\powrprof.dll
[0704/135321:ERROR:process_reader_win.cc(232)] ReadMemory at 0x7ff959930000 of 64 bytes failed: Only part of a ReadProcessMemory or WriteProcessMemory request was completed. (0x12B)
[0704/135321:WARNING:pe_image_reader.cc(280)] could not read dos header from C:\WINDOWS\system32\windows.storage.dll
[0704/135321:ERROR:process_reader_win.cc(232)] ReadMemory at 0x7ff95b3b0000 of 64 bytes failed: Only part of a ReadProcessMemory or WriteProcessMemory request was completed. (0x12B)
[0704/135321:WARNING:pe_image_reader.cc(280)] could not read dos header from C:\WINDOWS\system32\SHELL32.dll
[0704/135321:ERROR:process_reader_win.cc(232)] ReadMemory at 0x7ff95a390000 of 64 bytes failed: Only part of a ReadProcessMemory or WriteProcessMemory request was completed. (0x12B)
[0704/135321:WARNING:pe_image_reader.cc(280)] could not read dos header from C:\WINDOWS\system32\PSAPI.DLL
[0704/135321:ERROR:process_reader_win.cc(232)] ReadMemory at 0x7ff958e80000 of 64 bytes failed: Only part of a ReadProcessMemory or WriteProcessMemory request was completed. (0x12B)
[0704/135321:WARNING:pe_image_reader.cc(280)] could not read dos header from C:\WINDOWS\SYSTEM32\bcrypt.dll
[0704/135321:ERROR:process_reader_win.cc(232)] ReadMemory at 0x7ff94b1c0000 of 64 bytes failed: Only part of a ReadProcessMemory or WriteProcessMemory request was completed. (0x12B)
[0704/135321:WARNING:pe_image_reader.cc(280)] could not read dos header from C:\WINDOWS\SYSTEM32\WINSPOOL.DRV
[0704/135321:ERROR:process_reader_win.cc(232)] ReadMemory at 0x7ff944bc0000 of 64 bytes failed: Only part of a ReadProcessMemory or WriteProcessMemory request was completed. (0x12B)
[0704/135321:WARNING:pe_image_reader.cc(280)] could not read dos header from C:\WINDOWS\WinSxS\amd64_microsoft.windows.common-controls_6595b64144ccf1df_6.0.10586.0_none_8c15ae12515e1c22\COMCTL32.dll
[0704/135321:ERROR:process_reader_win.cc(232)] ReadMemory at 0x7ff9594c0000 of 64 bytes failed: Only part of a ReadProcessMemory or WriteProcessMemory request was completed. (0x12B)
[0704/135321:WARNING:pe_image_reader.cc(280)] could not read dos header from C:\WINDOWS\system32\FirewallAPI.dll
[0704/135321:ERROR:process_reader_win.cc(232)] ReadMemory at 0x7ff957e60000 of 64 bytes failed: Only part of a ReadProcessMemory or WriteProcessMemory request was completed. (0x12B)
[0704/135321:WARNING:pe_image_reader.cc(280)] could not read dos header from C:\WINDOWS\system32\fwbase.dll
[0704/135321:ERROR:process_reader_win.cc(232)] ReadMemory at 0x7ff959860000 of 64 bytes failed: Only part of a ReadProcessMemory or WriteProcessMemory request was completed. (0x12B)
[0704/135321:WARNING:pe_image_reader.cc(280)] could not read dos header from C:\WINDOWS\system32\NETAPI32.dll
[0704/135321:ERROR:process_reader_win.cc(232)] ReadMemory at 0x7ff9499e0000 of 64 bytes failed: Only part of a ReadProcessMemory or WriteProcessMemory request was completed. (0x12B)
[0704/135321:WARNING:pe_image_reader.cc(280)] could not read dos header from C:\WINDOWS\SYSTEM32\DAVHLPR.DLL
[0704/135321:ERROR:process_reader_win.cc(232)] ReadMemory at 0x7ff95cb80000 of 64 bytes failed: Only part of a ReadProcessMemory or WriteProcessMemory request was completed. (0x12B)
[0704/135321:WARNING:pe_image_reader.cc(280)] could not read dos header from C:\WINDOWS\system32\COMDLG32.dll
[0704/135321:ERROR:process_reader_win.cc(232)] ReadMemory at 0x7ff95af60000 of 64 bytes failed: Only part of a ReadProcessMemory or WriteProcessMemory request was completed. (0x12B)
[0704/135321:WARNING:pe_image_reader.cc(280)] could not read dos header from C:\WINDOWS\system32\ole32.dll
[0704/135321:ERROR:process_reader_win.cc(232)] ReadMemory at 0x7ff95a210000 of 64 bytes failed: Only part of a ReadProcessMemory or WriteProcessMemory request was completed. (0x12B)
[0704/135321:WARNING:pe_image_reader.cc(280)] could not read dos header from C:\WINDOWS\system32\OLEAUT32.dll
[0704/135321:ERROR:process_reader_win.cc(232)] ReadMemory at 0x7ff955f20000 of 64 bytes failed: Only part of a ReadProcessMemory or WriteProcessMemory request was completed. (0x12B)
[0704/135321:WARNING:pe_image_reader.cc(280)] could not read dos header from C:\WINDOWS\SYSTEM32\IPHLPAPI.DLL
[0704/135321:ERROR:process_reader_win.cc(232)] ReadMemory at 0x7ff95b0b0000 of 64 bytes failed: Only part of a ReadProcessMemory or WriteProcessMemory request was completed. (0x12B)
[0704/135321:WARNING:pe_image_reader.cc(280)] could not read dos header from C:\WINDOWS\system32\WS2_32.dll
[0704/135321:ERROR:process_reader_win.cc(232)] ReadMemory at 0x7ff9487c0000 of 64 bytes failed: Only part of a ReadProcessMemory or WriteProcessMemory request was completed. (0x12B)
[0704/135321:WARNING:pe_image_reader.cc(280)] could not read dos header from C:\WINDOWS\SYSTEM32\USP10.dll
[0704/135321:ERROR:process_reader_win.cc(232)] ReadMemory at 0x7ff9594a0000 of 64 bytes failed: Only part of a ReadProcessMemory or WriteProcessMemory request was completed. (0x12B)
[0704/135321:WARNING:pe_image_reader.cc(280)] could not read dos header from C:\WINDOWS\system32\MSASN1.dll
[0704/135321:ERROR:process_reader_win.cc(232)] ReadMemory at 0x7ff95a040000 of 64 bytes failed: Only part of a ReadProcessMemory or WriteProcessMemory request was completed. (0x12B)
[0704/135321:WARNING:pe_image_reader.cc(280)] could not read dos header from C:\WINDOWS\system32\CRYPT32.dll
[0704/135321:ERROR:process_reader_win.cc(232)] ReadMemory at 0x7ff959790000 of 64 bytes failed: Only part of a ReadProcessMemory or WriteProcessMemory request was completed. (0x12B)
[0704/135321:WARNING:pe_image_reader.cc(280)] could not read dos header from C:\WINDOWS\system32\WINTRUST.dll
[0704/135321:ERROR:process_reader_win.cc(232)] ReadMemory at 0x7ff954e30000 of 64 bytes failed: Only part of a ReadProcessMemory or WriteProcessMemory request was completed. (0x12B)
[0704/135321:WARNING:pe_image_reader.cc(280)] could not read dos header from C:\WINDOWS\SYSTEM32\Secur32.dll
[0704/135321:ERROR:process_reader_win.cc(232)] ReadMemory at 0x7ff958eb0000 of 64 bytes failed: Only part of a ReadProcessMemory or WriteProcessMemory request was completed. (0x12B)
[0704/135321:WARNING:pe_image_reader.cc(280)] could not read dos header from C:\WINDOWS\SYSTEM32\SSPICLI.DLL
[0704/135321:ERROR:process_reader_win.cc(232)] ReadMemory at 0x7ff922d20000 of 64 bytes failed: Only part of a ReadProcessMemory or WriteProcessMemory request was completed. (0x12B)
[0704/135321:WARNING:pe_image_reader.cc(280)] could not read dos header from C:\Program Files (x86)\Google\Chrome\Application\51.0.2704.103\chrome_child.dll
[0704/135321:ERROR:process_reader_win.cc(232)] ReadMemory at 0x7ff946a40000 of 64 bytes failed: Only part of a ReadProcessMemory or WriteProcessMemory request was completed. (0x12B)
[0704/135321:WARNING:pe_image_reader.cc(280)] could not read dos header from C:\WINDOWS\SYSTEM32\dwrite.dll
[0704/135321:ERROR:process_reader_win.cc(98)] process 9056 not found
[0704/135321:ERROR:process_reader_win.cc(232)] ReadMemory at 0x7ff740a10000 of 64 bytes failed: Only part of a ReadProcessMemory or WriteProcessMemory request was completed. (0x12B)
[0704/135321:WARNING:pe_image_reader.cc(280)] could not read dos header from C:\Program Files (x86)\Google\Chrome\Application\chrome.exe
[0704/135321:ERROR:process_reader_win.cc(232)] ReadMemory at 0x7ff95ce10000 of 64 bytes failed: Only part of a ReadProcessMemory or WriteProcessMemory request was completed. (0x12B)
[0704/135321:WARNING:pe_image_reader.cc(280)] could not read dos header from C:\WINDOWS\SYSTEM32\ntdll.dll
[0704/135321:ERROR:process_reader_win.cc(232)] ReadMemory at 0x7ff959550000 of 64 bytes failed: Only part of a ReadProcessMemory or WriteProcessMemory request was completed. (0x12B)
[0704/135321:WARNING:pe_image_reader.cc(280)] could not read dos header from C:\WINDOWS\system32\KERNELBASE.dll
[0704/135321:ERROR:process_reader_win.cc(232)] ReadMemory at 0x7ff95a2e0000 of 64 bytes failed: Only part of a ReadProcessMemory or WriteProcessMemory request was completed. (0x12B)
[0704/135321:WARNING:pe_image_reader.cc(280)] could not read dos header from C:\WINDOWS\system32\KERNEL32.DLL
[0704/135321:ERROR:process_reader_win.cc(232)] ReadMemory at 0x7ff95ac40000 of 64 bytes failed: Only part of a ReadProcessMemory or WriteProcessMemory request was completed. (0x12B)
[0704/135321:WARNING:pe_image_reader.cc(280)] could not read dos header from C:\WINDOWS\system32\msvcrt.dll
[0704/135321:ERROR:process_reader_win.cc(232)] ReadMemory at 0x7ff95ace0000 of 64 bytes failed: Only part of a ReadProcessMemory or WriteProcessMemory request was completed. (0x12B)
[0704/135321:WARNING:pe_image_reader.cc(280)] could not read dos header from C:\WINDOWS\system32\RPCRT4.dll
[0704/135321:ERROR:process_reader_win.cc(232)] ReadMemory at 0x7ff95cb20000 of 64 bytes failed: Only part of a ReadProcessMemory or WriteProcessMemory request was completed. (0x12B)
[0704/135321:WARNING:pe_image_reader.cc(280)] could not read dos header from C:\WINDOWS\system32\sechost.dll
[0704/135321:ERROR:process_reader_win.cc(232)] ReadMemory at 0x7ff95cd40000 of 64 bytes failed: Only part of a ReadProcessMemory or WriteProcessMemory request was completed. (0x12B)
[0704/135321:WARNING:pe_image_reader.cc(280)] could not read dos header from C:\WINDOWS\system32\ADVAPI32.dll
[0704/135321:ERROR:process_reader_win.cc(232)] ReadMemory at 0x7ff9597f0000 of 64 bytes failed: Only part of a ReadProcessMemory or WriteProcessMemory request was completed. (0x12B)
[0704/135321:WARNING:pe_image_reader.cc(280)] could not read dos header from C:\WINDOWS\system32\bcryptPrimitives.dll
[0704/135321:ERROR:process_reader_win.cc(232)] ReadMemory at 0x7ff958ca0000 of 64 bytes failed: Only part of a ReadProcessMemory or WriteProcessMemory request was completed. (0x12B)
[0704/135321:WARNING:pe_image_reader.cc(280)] could not read dos header from C:\WINDOWS\SYSTEM32\CRYPTBASE.DLL
[0704/135321:ERROR:process_reader_win.cc(232)] ReadMemory at 0x7ff9539c0000 of 64 bytes failed: Only part of a ReadProcessMemory or WriteProcessMemory request was completed. (0x12B)
[0704/135321:WARNING:pe_image_reader.cc(280)] could not read dos header from C:\Program Files (x86)\Google\Chrome\Application\51.0.2704.103\chrome_elf.dll
[0704/135321:ERROR:process_reader_win.cc(232)] ReadMemory at 0x7ff954e20000 of 64 bytes failed: Only part of a ReadProcessMemory or WriteProcessMemory request was completed. (0x12B)
[0704/135321:WARNING:pe_image_reader.cc(280)] could not read dos header from C:\WINDOWS\SYSTEM32\VERSION.dll
[0704/135321:ERROR:process_reader_win.cc(232)] ReadMemory at 0x7ff959740000 of 64 bytes failed: Only part of a ReadProcessMemory or WriteProcessMemory request was completed. (0x12B)
[0704/135321:WARNING:pe_image_reader.cc(280)] could not read dos header from C:\WINDOWS\system32\cfgmgr32.dll
[0704/135321:ERROR:process_reader_win.cc(232)] ReadMemory at 0x7ff957390000 of 64 bytes failed: Only part of a ReadProcessMemory or WriteProcessMemory request was completed. (0x12B)
[0704/135321:WARNING:pe_image_reader.cc(280)] could not read dos header from C:\WINDOWS\SYSTEM32\WINMMBASE.dll
[0704/135321:ERROR:process_reader_win.cc(232)] ReadMemory at 0x7ff95a440000 of 64 bytes failed: Only part of a ReadProcessMemory or WriteProcessMemory request was completed. (0x12B)
[0704/135321:WARNING:pe_image_reader.cc(280)] could not read dos header from C:\WINDOWS\system32\GDI32.dll
[0704/135321:ERROR:process_reader_win.cc(232)] ReadMemory at 0x7ff95aa10000 of 64 bytes failed: Only part of a ReadProcessMemory or WriteProcessMemory request was completed. (0x12B)
[0704/135321:WARNING:pe_image_reader.cc(280)] could not read dos header from C:\WINDOWS\system32\USER32.dll
[0704/135321:ERROR:process_reader_win.cc(232)] ReadMemory at 0x7ff95a400000 of 64 bytes failed: Only part of a ReadProcessMemory or WriteProcessMemory request was completed. (0x12B)
[0704/135321:WARNING:pe_image_reader.cc(280)] could not read dos header from C:\WINDOWS\system32\IMM32.DLL
[0704/135321:ERROR:process_reader_win.cc(232)] ReadMemory at 0x7ff9573f0000 of 64 bytes failed: Only part of a ReadProcessMemory or WriteProcessMemory request was completed. (0x12B)
[0704/135321:WARNING:pe_image_reader.cc(280)] could not read dos header from C:\WINDOWS\SYSTEM32\WINMM.dll
[0704/135321:ERROR:process_reader_win.cc(232)] ReadMemory at 0x7ff959430000 of 64 bytes failed: Only part of a ReadProcessMemory or WriteProcessMemory request was completed. (0x12B)
[0704/135321:WARNING:pe_image_reader.cc(280)] could not read dos header from C:\WINDOWS\system32\profapi.dll
[0704/135321:ERROR:process_reader_win.cc(232)] ReadMemory at 0x7ff958960000 of 64 bytes failed: Only part of a ReadProcessMemory or WriteProcessMemory request was completed. (0x12B)
[0704/135321:WARNING:pe_image_reader.cc(280)] could not read dos header from C:\WINDOWS\SYSTEM32\USERENV.dll
[0704/135321:ERROR:process_reader_win.cc(232)] ReadMemory at 0x7ff957290000 of 64 bytes failed: Only part of a ReadProcessMemory or WriteProcessMemory request was completed. (0x12B)
[0704/135321:WARNING:pe_image_reader.cc(280)] could not read dos header from C:\WINDOWS\SYSTEM32\WTSAPI32.dll
[0704/135321:ERROR:process_reader_win.cc(232)] ReadMemory at 0x7ff94fd00000 of 64 bytes failed: Only part of a ReadProcessMemory or WriteProcessMemory request was completed. (0x12B)
[0704/135321:WARNING:pe_image_reader.cc(280)] could not read dos header from C:\WINDOWS\SYSTEM32\WINHTTP.dll
[0704/135321:ERROR:process_reader_win.cc(232)] ReadMemory at 0x7ff95b130000 of 64 bytes failed: Only part of a ReadProcessMemory or WriteProcessMemory request was completed. (0x12B)
[0704/135321:WARNING:pe_image_reader.cc(280)] could not read dos header from C:\WINDOWS\system32\combase.dll
[0704/135321:ERROR:process_reader_win.cc(232)] ReadMemory at 0x7ff95a3a0000 of 64 bytes failed: Only part of a ReadProcessMemory or WriteProcessMemory request was completed. (0x12B)
[0704/135321:WARNING:pe_image_reader.cc(280)] could not read dos header from C:\WINDOWS\system32\shlwapi.dll
[0704/135321:ERROR:process_reader_win.cc(232)] ReadMemory at 0x7ff9594b0000 of 64 bytes failed: Only part of a ReadProcessMemory or WriteProcessMemory request was completed. (0x12B)
[0704/135321:WARNING:pe_image_reader.cc(280)] could not read dos header from C:\WINDOWS\system32\kernel.appcore.dll
[0704/135321:ERROR:process_reader_win.cc(232)] ReadMemory at 0x7ff959f80000 of 64 bytes failed: Only part of a ReadProcessMemory or WriteProcessMemory request was completed. (0x12B)
[0704/135321:WARNING:pe_image_reader.cc(280)] could not read dos header from C:\WINDOWS\system32\shcore.dll
[0704/135321:ERROR:process_reader_win.cc(232)] ReadMemory at 0x7ff959450000 of 64 bytes failed: Only part of a ReadProcessMemory or WriteProcessMemory request was completed. (0x12B)
[0704/135321:WARNING:pe_image_reader.cc(280)] could not read dos header from C:\WINDOWS\system32\powrprof.dll
[0704/135321:ERROR:process_reader_win.cc(232)] ReadMemory at 0x7ff959930000 of 64 bytes failed: Only part of a ReadProcessMemory or WriteProcessMemory request was completed. (0x12B)
[0704/135321:WARNING:pe_image_reader.cc(280)] could not read dos header from C:\WINDOWS\system32\windows.storage.dll
[0704/135321:ERROR:process_reader_win.cc(232)] ReadMemory at 0x7ff95b3b0000 of 64 bytes failed: Only part of a ReadProcessMemory or WriteProcessMemory request was completed. (0x12B)
[0704/135321:WARNING:pe_image_reader.cc(280)] could not read dos header from C:\WINDOWS\system32\SHELL32.dll
[0704/135321:ERROR:process_reader_win.cc(232)] ReadMemory at 0x7ff95a390000 of 64 bytes failed: Only part of a ReadProcessMemory or WriteProcessMemory request was completed. (0x12B)
[0704/135321:WARNING:pe_image_reader.cc(280)] could not read dos header from C:\WINDOWS\system32\PSAPI.DLL
[0704/135321:ERROR:process_reader_win.cc(232)] ReadMemory at 0x7ff958e80000 of 64 bytes failed: Only part of a ReadProcessMemory or WriteProcessMemory request was completed. (0x12B)
[0704/135321:WARNING:pe_image_reader.cc(280)] could not read dos header from C:\WINDOWS\SYSTEM32\bcrypt.dll
[0704/135321:ERROR:process_reader_win.cc(232)] ReadMemory at 0x7ff94b1c0000 of 64 bytes failed: Only part of a ReadProcessMemory or WriteProcessMemory request was completed. (0x12B)
[0704/135321:WARNING:pe_image_reader.cc(280)] could not read dos header from C:\WINDOWS\SYSTEM32\WINSPOOL.DRV
[0704/135321:ERROR:process_reader_win.cc(232)] ReadMemory at 0x7ff944bc0000 of 64 bytes failed: Only part of a ReadProcessMemory or WriteProcessMemory request was completed. (0x12B)
[0704/135321:WARNING:pe_image_reader.cc(280)] could not read dos header from C:\WINDOWS\WinSxS\amd64_microsoft.windows.common-controls_6595b64144ccf1df_6.0.10586.0_none_8c15ae12515e1c22\COMCTL32.dll
[0704/135321:ERROR:process_reader_win.cc(232)] ReadMemory at 0x7ff9594c0000 of 64 bytes failed: Only part of a ReadProcessMemory or WriteProcessMemory request was completed. (0x12B)
[0704/135321:WARNING:pe_image_reader.cc(280)] could not read dos header from C:\WINDOWS\system32\FirewallAPI.dll
[0704/135321:ERROR:process_reader_win.cc(232)] ReadMemory at 0x7ff957e60000 of 64 bytes failed: Only part of a ReadProcessMemory or WriteProcessMemory request was completed. (0x12B)
[0704/135321:WARNING:pe_image_reader.cc(280)] could not read dos header from C:\WINDOWS\system32\fwbase.dll
[0704/135321:ERROR:process_reader_win.cc(232)] ReadMemory at 0x7ff959860000 of 64 bytes failed: Only part of a ReadProcessMemory or WriteProcessMemory request was completed. (0x12B)
[0704/135321:WARNING:pe_image_reader.cc(280)] could not read dos header from C:\WINDOWS\system32\NETAPI32.dll
[0704/135321:ERROR:process_reader_win.cc(232)] ReadMemory at 0x7ff9499e0000 of 64 bytes failed: Only part of a ReadProcessMemory or WriteProcessMemory request was completed. (0x12B)
[0704/135321:WARNING:pe_image_reader.cc(280)] could not read dos header from C:\WINDOWS\SYSTEM32\DAVHLPR.DLL
[0704/135321:ERROR:process_reader_win.cc(232)] ReadMemory at 0x7ff95cb80000 of 64 bytes failed: Only part of a ReadProcessMemory or WriteProcessMemory request was completed. (0x12B)
[0704/135321:WARNING:pe_image_reader.cc(280)] could not read dos header from C:\WINDOWS\system32\COMDLG32.dll
[0704/135321:ERROR:process_reader_win.cc(232)] ReadMemory at 0x7ff95af60000 of 64 bytes failed: Only part of a ReadProcessMemory or WriteProcessMemory request was completed. (0x12B)
[0704/135321:WARNING:pe_image_reader.cc(280)] could not read dos header from C:\WINDOWS\system32\ole32.dll
[0704/135321:ERROR:process_reader_win.cc(232)] ReadMemory at 0x7ff95a210000 of 64 bytes failed: Only part of a ReadProcessMemory or WriteProcessMemory request was completed. (0x12B)
[0704/135321:WARNING:pe_image_reader.cc(280)] could not read dos header from C:\WINDOWS\system32\OLEAUT32.dll
[0704/135321:ERROR:process_reader_win.cc(232)] ReadMemory at 0x7ff955f20000 of 64 bytes failed: Only part of a ReadProcessMemory or WriteProcessMemory request was completed. (0x12B)
[0704/135321:WARNING:pe_image_reader.cc(280)] could not read dos header from C:\WINDOWS\SYSTEM32\IPHLPAPI.DLL
[0704/135321:ERROR:process_reader_win.cc(232)] ReadMemory at 0x7ff95b0b0000 of 64 bytes failed: Only part of a ReadProcessMemory or WriteProcessMemory request was completed. (0x12B)
[0704/135321:WARNING:pe_image_reader.cc(280)] could not read dos header from C:\WINDOWS\system32\WS2_32.dll
[0704/135321:ERROR:process_reader_win.cc(232)] ReadMemory at 0x7ff9487c0000 of 64 bytes failed: Only part of a ReadProcessMemory or WriteProcessMemory request was completed. (0x12B)
[0704/135321:WARNING:pe_image_reader.cc(280)] could not read dos header from C:\WINDOWS\SYSTEM32\USP10.dll
[0704/135321:ERROR:process_reader_win.cc(232)] ReadMemory at 0x7ff9594a0000 of 64 bytes failed: Only part of a ReadProcessMemory or WriteProcessMemory request was completed. (0x12B)
[0704/135321:WARNING:pe_image_reader.cc(280)] could not read dos header from C:\WINDOWS\system32\MSASN1.dll
[0704/135321:ERROR:process_reader_win.cc(232)] ReadMemory at 0x7ff95a040000 of 64 bytes failed: Only part of a ReadProcessMemory or WriteProcessMemory request was completed. (0x12B)
[0704/135321:WARNING:pe_image_reader.cc(280)] could not read dos header from C:\WINDOWS\system32\CRYPT32.dll
[0704/135321:ERROR:process_reader_win.cc(232)] ReadMemory at 0x7ff959790000 of 64 bytes failed: Only part of a ReadProcessMemory or WriteProcessMemory request was completed. (0x12B)
[0704/135321:WARNING:pe_image_reader.cc(280)] could not read dos header from C:\WINDOWS\system32\WINTRUST.dll
[0704/135321:ERROR:process_reader_win.cc(232)] ReadMemory at 0x7ff954e30000 of 64 bytes failed: Only part of a ReadProcessMemory or WriteProcessMemory request was completed. (0x12B)
[0704/135321:WARNING:pe_image_reader.cc(280)] could not read dos header from C:\WINDOWS\SYSTEM32\Secur32.dll
[0704/135321:ERROR:process_reader_win.cc(232)] ReadMemory at 0x7ff958eb0000 of 64 bytes failed: Only part of a ReadProcessMemory or WriteProcessMemory request was completed. (0x12B)
[0704/135321:WARNING:pe_image_reader.cc(280)] could not read dos header from C:\WINDOWS\SYSTEM32\SSPICLI.DLL
[0704/135321:ERROR:process_reader_win.cc(232)] ReadMemory at 0x7ff922d20000 of 64 bytes failed: Only part of a ReadProcessMemory or WriteProcessMemory request was completed. (0x12B)
[0704/135321:WARNING:pe_image_reader.cc(280)] could not read dos header from C:\Program Files (x86)\Google\Chrome\Application\51.0.2704.103\chrome_child.dll
[0704/135321:ERROR:process_reader_win.cc(232)] ReadMemory at 0x7ff946a40000 of 64 bytes failed: Only part of a ReadProcessMemory or WriteProcessMemory request was completed. (0x12B)
[0704/135321:WARNING:pe_image_reader.cc(280)] could not read dos header from C:\WINDOWS\SYSTEM32\dwrite.dll
[0704/135321:ERROR:process_reader_win.cc(232)] ReadMemory at 0x7ff740af1910 of 12 bytes failed: Only part of a ReadProcessMemory or WriteProcessMemory request was completed. (0x12B)
[0704/135321:WARNING:process_snapshot_win.cc(102)] ReadMemory ExceptionInformation failed
[0704/135321:WARNING:crash_report_exception_handler.cc(60)] ProcessSnapshotWin::InitializeException failed
[0704/135321:ERROR:scoped_process_suspend.cc(38)] NtResumeProcess, ntstatus=-1073741558
[0711/125413:ERROR:settings.cc(261)] Settings magic is not 1129342067
[0912/205523:ERROR:process_info.cc(608)] range at 0xfed5b000, size 0x230 fully unreadable
[0912/205523:ERROR:process_info.cc(608)] range at 0xfed5f000, size 0xf84 fully unreadable
[0912/205523:ERROR:process_info.cc(608)] range at 0xfed58000, size 0xf84 fully unreadable
[0912/205523:ERROR:process_info.cc(608)] range at 0xfed55000, size 0xf84 fully unreadable
[0912/205523:ERROR:process_info.cc(608)] range at 0xfec2f000, size 0xf84 fully unreadable
[0912/205523:ERROR:process_info.cc(608)] range at 0xfec2c000, size 0xf84 fully unreadable
[0912/205523:ERROR:process_info.cc(608)] range at 0xfec29000, size 0xf84 fully unreadable
[0912/205523:ERROR:process_info.cc(608)] range at 0xfec26000, size 0xf84 fully unreadable
[0912/205523:ERROR:process_info.cc(608)] range at 0xfec23000, size 0xf84 fully unreadable
[0912/205523:ERROR:process_info.cc(608)] range at 0xfec20000, size 0xf84 fully unreadable
[0912/205523:ERROR:process_info.cc(608)] range at 0xfec1a000, size 0xf84 fully unreadable
[0912/205523:ERROR:process_info.cc(608)] range at 0xfec1d000, size 0xf84 fully unreadable
[0912/205523:ERROR:process_info.cc(608)] range at 0xfec17000, size 0xf84 fully unreadable
[0912/205523:ERROR:process_info.cc(608)] range at 0xfec14000, size 0xf84 fully unreadable
[0912/205523:ERROR:process_info.cc(608)] range at 0xfec11000, size 0xf84 fully unreadable
[0912/205523:ERROR:process_info.cc(608)] range at 0xfec0e000, size 0xf84 fully unreadable
